"FreeRTOS Task Aware Debugger for GDB" version 1.0.2 (201704260904)
(c) 2016 NXP Semiconductors, Inc.
==================================
16:11:16.127 INFO: [TadModel] DSF session ID 129 has started.
16:11:22.557 INFO: [TadState] TAD state changed:  DEBUG_STARTED -> DEBUG_INIT_0 (RESUMED, USER_REQUEST)
16:11:22.575 INFO: [TadState] TAD state changed:  DEBUG_INIT_0 -> DEBUG_INIT_1 (SUSPENDED, SIGNAL)
16:11:26.617 INFO: [TadState] TAD state changed:  DEBUG_INIT_1 -> DEBUG_SUSPENDED (RESUMED, USER_REQUEST)
16:11:26.713 INFO: [TadState] TAD state changed:  DEBUG_SUSPENDED -> DEBUG_SUSPENDED (SUSPENDED, BREAKPOINT)
16:11:28.485 INFO: [TadState] TAD state changed:  DEBUG_SUSPENDED -> DEBUG_RESUMED (RESUMED, USER_REQUEST)
16:11:28.560 INFO: [TadState] TAD state changed:  DEBUG_RESUMED -> READY (SUSPENDED, BREAKPOINT)
16:11:30.70 INFO: [TadState] TAD state changed:  READY -> DEBUG_RESUMED (RESUMED, USER_REQUEST)
16:12:04.260 INFO: [TadState] TAD state changed:  DEBUG_RESUMED -> READY (SUSPENDED, SIGNAL)
16:12:05.374 INFO: [TadState] TAD state changed:  READY -> DEBUG_RESUMED (RESUMED, USER_REQUEST)
16:12:05.473 INFO: [TadState] TAD state changed:  DEBUG_RESUMED -> READY (SUSPENDED, BREAKPOINT)
16:12:06.630 INFO: [TadState] TAD state changed:  READY -> DEBUG_RESUMED (RESUMED, USER_REQUEST)
16:12:06.713 INFO: [TadState] TAD state changed:  DEBUG_RESUMED -> READY (SUSPENDED, BREAKPOINT)
16:12:07.680 INFO: [TadState] TAD state changed:  READY -> DEBUG_RESUMED (RESUMED, USER_REQUEST)
16:12:24.203 INFO: [TadState] TAD state changed:  DEBUG_RESUMED -> READY (SUSPENDED, SIGNAL)
16:12:24.206 INFO: [Benchmark] Loading data for "Task List" has started.
16:12:26.245 INFO: [Benchmark] Loading data for "Task List" took 2039 ms.
16:14:25.806 INFO: [TadState] TAD state changed:  READY -> DEBUG_RESUMED (RESUMED, USER_REQUEST)
16:34:46.326 INFO: [TadState] TAD state changed:  DEBUG_RESUMED -> READY (SUSPENDED, SIGNAL)
16:34:46.326 INFO: [Benchmark] Loading data for "Task List" has started.
16:34:48.549 INFO: [Benchmark] Loading data for "Task List" took 2223 ms.
16:35:32.89 INFO: [Benchmark] Loading data for "Heap Usage" has started.
16:35:36.102 INFO: [HeapFactory] TAD will try to determine heap type (memory scheme) from available variables.
Please add "static const uint8_t freeRTOSMemoryScheme = <heap_type_used>;" (or use macro configFRTOS_MEMORY_SCHEME, if defined)
variable into your project for TAD to know which heap type is used.
16:35:36.102 INFO: [FreeRTOS] FreeRTOS macro "configFRTOS_MEMORY_SCHEME" is disabled.
16:35:36.102 INFO: [HeapFactory] Heap variable ucHeap is equal to "0x20002334".
16:35:37.103 INFO: [HeapFactory] Heap type (memory allocation scheme) has been identified from available heap variables as Heap type #1. 
16:35:38.108 EXCEPTION: [HeapFactory] ReadingException in class "com.nxp.freertos.gdb.tad.controller.heapusage.HeapFactory" at 224. line when calling method "readLongVariable(xNextFreeByte)"
	com.nxp.freertos.gdb.tad.controller.TadFactory.readLongVariable(TadFactory.java:253)
	com.nxp.freertos.gdb.tad.controller.heapusage.HeapFactory.getData(HeapFactory.java:224)
	com.nxp.freertos.gdb.tad.model.TadModel$2.execute(TadModel.java:242)
	com.nxp.freertos.gdb.tad.model.TadModel$3.run(TadModel.java:352)
16:35:38.108 ERROR: [TadFactoryData] Could not load data for "Heap Usage" view probably due to missing heap related variable! Try to define heap variables as "volatile" so they are not optimised out.
Another possibility is that used heap was identified incorrectly as heap 1. 
16:35:38.108 INFO: [Benchmark] Loading data for "Heap Usage" took 6019 ms.
16:35:39.823 INFO: [Benchmark] Loading data for "Task List" has started.
16:35:39.823 INFO: [Benchmark] Loaded data for "Task List" from cache.
16:35:53.370 INFO: [Benchmark] Loading data for "Queue List" has started.
16:35:53.371 INFO: [Benchmark] Loaded data for "Queue List" from cache.
16:36:23.948 INFO: [TadModel] DSF session ID 130 has started.
16:36:24.23 INFO: [TadModel] DSF session ID 129 has ended.
