"FreeRTOS Task Aware Debugger for GDB" version 1.0.2 (201704260904)
(c) 2016 NXP Semiconductors, Inc.
==================================
22:29:32.643 INFO: [TadState] TAD state changed:  NONE -> DEBUG_INIT_0 (RESUMED, USER_REQUEST)
22:29:32.706 INFO: [TadState] TAD state changed:  DEBUG_INIT_0 -> DEBUG_INIT_1 (SUSPENDED, SIGNAL)
22:29:36.77 INFO: [TadState] TAD state changed:  DEBUG_INIT_1 -> DEBUG_SUSPENDED (RESUMED, USER_REQUEST)
22:29:36.135 INFO: [TadState] TAD state changed:  DEBUG_SUSPENDED -> DEBUG_SUSPENDED (SUSPENDED, BREAKPOINT)
22:29:43.66 INFO: [TadState] TAD state changed:  DEBUG_SUSPENDED -> DEBUG_RESUMED (RESUMED, USER_REQUEST)
22:29:55.189 INFO: [TadState] TAD state changed:  DEBUG_RESUMED -> READY (SUSPENDED, SIGNAL)
22:29:56.149 INFO: [TadState] TAD state changed:  READY -> DEBUG_RESUMED (RESUMED, USER_REQUEST)
22:29:56.205 INFO: [TadState] TAD state changed:  DEBUG_RESUMED -> READY (SUSPENDED, BREAKPOINT)
22:29:57.528 INFO: [TadState] TAD state changed:  READY -> DEBUG_RESUMED (RESUMED, USER_REQUEST)
22:30:02.584 INFO: [TadState] TAD state changed:  DEBUG_RESUMED -> READY (SUSPENDED, SIGNAL)
22:30:11.644 INFO: [Benchmark] Loading data for "Task List" has started.
22:30:11.996 INFO: [FreeRTOS] FreeRTOS macro "configGENERATE_RUN_TIME_STATS" is disabled.
22:30:12.898 INFO: [Benchmark] Loading data for "Task List" took 1253 ms.
22:30:22.395 INFO: [TadState] TAD state changed:  READY -> DEBUG_RESUMED (RESUMED, USER_REQUEST)
22:30:22.451 INFO: [TadState] TAD state changed:  DEBUG_RESUMED -> READY (SUSPENDED, BREAKPOINT)
22:30:22.451 INFO: [Benchmark] Loading data for "Task List" has started.
22:30:23.664 INFO: [TadState] TAD state changed:  READY -> DEBUG_RESUMED (RESUMED, USER_REQUEST)
22:30:24.740 ERROR: [TaskFactory] Cannot read information from "xDelayedTaskList2".
22:30:25.741 ERROR: [TaskFactory] Cannot read information from "xPendingReadyList".
22:30:25.741 INFO: [Benchmark] Loading data for "Task List" took 3290 ms.
22:30:25.741 INFO: [TadState] TAD state changed:  DEBUG_RESUMED -> READY (SUSPENDED, BREAKPOINT)
22:30:25.742 INFO: [Benchmark] Loading data for "Task List" has started.
22:30:26.896 INFO: [Benchmark] Loading data for "Task List" took 1154 ms.
22:30:28.884 INFO: [TadState] TAD state changed:  READY -> DEBUG_RESUMED (RESUMED, USER_REQUEST)
22:30:28.973 INFO: [TadState] TAD state changed:  DEBUG_RESUMED -> READY (SUSPENDED, BREAKPOINT)
22:30:28.974 INFO: [Benchmark] Loading data for "Task List" has started.
22:30:30.265 INFO: [Benchmark] Loading data for "Task List" took 1292 ms.
22:30:48.851 INFO: [Benchmark] Loading data for "Heap Usage" has started.
22:30:51.969 INFO: [HeapFactory] TAD will try to determine heap type (memory scheme) from available variables.
Please add "static const uint8_t freeRTOSMemoryScheme = <heap_type_used>;" (or use macro configFRTOS_MEMORY_SCHEME, if defined)
variable into your project for TAD to know which heap type is used.
22:30:51.969 INFO: [FreeRTOS] FreeRTOS macro "configFRTOS_MEMORY_SCHEME" is disabled.
22:30:51.969 INFO: [HeapFactory] Heap variable ucHeap is equal to "0x20002330".
22:30:51.969 INFO: [HeapFactory] Heap variable xHeapStructSize is equal to "0x00000008".
22:30:51.969 INFO: [HeapFactory] Heap type (memory allocation scheme) has been identified from available heap variables as Heap type #4. 
22:30:52.86 INFO: [Benchmark] Loading data for "Heap Usage" took 3236 ms.
22:31:01.989 INFO: [TadModel] DSF session ID 57 has started.
22:31:02.66 INFO: [TadModel] DSF session ID 56 has ended.
