"FreeRTOS Task Aware Debugger for GDB" version 1.0.2 (201704260904)
(c) 2016 NXP Semiconductors, Inc.
==================================
15:10:06.388 INFO: [TadModel] DSF session ID 25 has started.
15:10:13.353 INFO: [TadState] TAD state changed:  DEBUG_STARTED -> DEBUG_INIT_0 (RESUMED, USER_REQUEST)
15:10:13.387 INFO: [TadState] TAD state changed:  DEBUG_INIT_0 -> DEBUG_INIT_1 (SUSPENDED, SIGNAL)
15:10:17.436 INFO: [TadState] TAD state changed:  DEBUG_INIT_1 -> DEBUG_SUSPENDED (RESUMED, USER_REQUEST)
15:10:17.532 INFO: [TadState] TAD state changed:  DEBUG_SUSPENDED -> DEBUG_SUSPENDED (SUSPENDED, BREAKPOINT)
15:10:24.486 INFO: [TadState] TAD state changed:  DEBUG_SUSPENDED -> DEBUG_RESUMED (RESUMED, USER_REQUEST)
15:36:15.63 INFO: [TadState] TAD state changed:  DEBUG_RESUMED -> READY (SUSPENDED, SIGNAL)
15:36:20.419 INFO: [Benchmark] Loading data for "Task List" has started.
15:36:22.283 INFO: [Benchmark] Loading data for "Task List" took 1865 ms.
15:36:32.346 INFO: [Benchmark] Loading data for "Queue List" has started.
15:36:32.346 INFO: [Benchmark] Loaded data for "Queue List" from cache.
15:36:57.184 INFO: [TadState] TAD state changed:  READY -> DEBUG_RESUMED (RESUMED, USER_REQUEST)
15:38:41.879 INFO: [TadState] TAD state changed:  DEBUG_RESUMED -> READY (SUSPENDED, SIGNAL)
15:38:41.880 INFO: [Benchmark] Loading data for "Queue List" has started.
15:38:42.723 INFO: [Benchmark] Loading data for "Queue List" took 842 ms.
15:38:51.74 INFO: [TadState] TAD state changed:  READY -> DEBUG_RESUMED (RESUMED, USER_REQUEST)
15:38:52.559 INFO: [TadState] TAD state changed:  DEBUG_RESUMED -> READY (SUSPENDED, SIGNAL)
15:38:52.560 INFO: [Benchmark] Loading data for "Queue List" has started.
15:38:54.186 INFO: [Benchmark] Loading data for "Queue List" took 1626 ms.
15:39:05.293 INFO: [TadState] TAD state changed:  READY -> DEBUG_RESUMED (RESUMED, USER_REQUEST)
15:39:05.849 INFO: [TadState] TAD state changed:  DEBUG_RESUMED -> READY (SUSPENDED, SIGNAL)
15:39:05.850 INFO: [Benchmark] Loading data for "Queue List" has started.
15:39:07.73 INFO: [TadState] TAD state changed:  READY -> DEBUG_RESUMED (RESUMED, USER_REQUEST)
15:39:07.157 INFO: [Benchmark] Loading data for "Queue List" took 1307 ms.
15:39:08.70 INFO: [TadState] TAD state changed:  DEBUG_RESUMED -> READY (SUSPENDED, SIGNAL)
15:39:08.70 INFO: [Benchmark] Loading data for "Queue List" has started.
15:39:09.257 INFO: [Benchmark] Loading data for "Queue List" took 1187 ms.
15:39:09.977 INFO: [TadState] TAD state changed:  READY -> DEBUG_RESUMED (RESUMED, USER_REQUEST)
15:39:10.976 INFO: [TadState] TAD state changed:  DEBUG_RESUMED -> READY (SUSPENDED, SIGNAL)
15:39:10.977 INFO: [Benchmark] Loading data for "Queue List" has started.
15:39:11.809 INFO: [Benchmark] Loading data for "Queue List" took 832 ms.
15:39:16.898 INFO: [TadState] TAD state changed:  READY -> DEBUG_RESUMED (RESUMED, STEP)
15:39:16.968 INFO: [TadState] TAD state changed:  DEBUG_RESUMED -> READY (SUSPENDED, STEP)
15:39:16.969 INFO: [Benchmark] Loading data for "Queue List" has started.
15:39:17.448 INFO: [TadState] TAD state changed:  READY -> DEBUG_RESUMED (RESUMED, STEP)
15:39:18.733 EXCEPTION: [QueueFactory] ReadingException in class "com.nxp.freertos.gdb.tad.controller.queuelist.QueueFactory" at 161. line when calling method "readIntAtAddress(0x20002e78, QueueDefinition, uxItemSize)"
	com.nxp.freertos.gdb.tad.controller.TadFactory.readIntAtAddress(TadFactory.java:215)
	com.nxp.freertos.gdb.tad.controller.queuelist.QueueFactory.getQueue(QueueFactory.java:161)
	com.nxp.freertos.gdb.tad.controller.queuelist.QueueFactory.getData(QueueFactory.java:109)
	com.nxp.freertos.gdb.tad.model.TadModel$2.execute(TadModel.java:242)
	com.nxp.freertos.gdb.tad.model.TadModel$3.run(TadModel.java:352)
15:39:18.733 ERROR: [TadFactoryData] Could not load data for "Queue List" view! For more information check TAD log
15:39:18.733 INFO: [Benchmark] Loading data for "Queue List" took 1764 ms.
15:39:18.733 INFO: [TadState] TAD state changed:  DEBUG_RESUMED -> READY (SUSPENDED, STEP)
15:39:18.734 INFO: [Benchmark] Loading data for "Queue List" has started.
15:39:19.377 INFO: [TadState] TAD state changed:  READY -> DEBUG_RESUMED (RESUMED, STEP)
15:39:19.663 INFO: [Benchmark] Loading data for "Queue List" took 929 ms.
15:39:19.724 INFO: [TadState] TAD state changed:  DEBUG_RESUMED -> READY (SUSPENDED, STEP)
15:39:19.724 INFO: [Benchmark] Loading data for "Queue List" has started.
15:39:20.633 INFO: [Benchmark] Loading data for "Queue List" took 908 ms.
15:39:20.960 INFO: [TadState] TAD state changed:  READY -> DEBUG_RESUMED (RESUMED, STEP)
15:39:20.998 INFO: [TadState] TAD state changed:  DEBUG_RESUMED -> READY (SUSPENDED, STEP)
15:39:20.998 INFO: [Benchmark] Loading data for "Queue List" has started.
15:39:21.680 INFO: [TadState] TAD state changed:  READY -> DEBUG_RESUMED (RESUMED, STEP)
15:39:21.808 INFO: [Benchmark] Loading data for "Queue List" took 810 ms.
15:39:21.936 INFO: [TadState] TAD state changed:  DEBUG_RESUMED -> READY (SUSPENDED, STEP)
15:39:21.937 INFO: [Benchmark] Loading data for "Queue List" has started.
15:39:22.739 INFO: [Benchmark] Loading data for "Queue List" took 802 ms.
15:39:23.477 INFO: [TadState] TAD state changed:  READY -> DEBUG_RESUMED (RESUMED, STEP)
15:39:23.578 INFO: [TadState] TAD state changed:  DEBUG_RESUMED -> READY (SUSPENDED, STEP)
15:39:23.579 INFO: [Benchmark] Loading data for "Queue List" has started.
15:39:24.507 INFO: [Benchmark] Loading data for "Queue List" took 928 ms.
15:39:24.745 INFO: [TadState] TAD state changed:  READY -> DEBUG_RESUMED (RESUMED, STEP)
15:39:24.819 INFO: [TadState] TAD state changed:  DEBUG_RESUMED -> READY (SUSPENDED, STEP)
15:39:24.819 INFO: [Benchmark] Loading data for "Queue List" has started.
15:39:25.370 INFO: [TadState] TAD state changed:  READY -> DEBUG_RESUMED (RESUMED, STEP)
15:39:25.668 INFO: [Benchmark] Loading data for "Queue List" took 849 ms.
15:39:25.704 INFO: [TadState] TAD state changed:  DEBUG_RESUMED -> READY (SUSPENDED, STEP)
15:39:25.704 INFO: [Benchmark] Loading data for "Queue List" has started.
15:39:26.300 INFO: [TadState] TAD state changed:  READY -> DEBUG_RESUMED (RESUMED, STEP)
15:39:27.489 EXCEPTION: [QueueFactory] ReadingException in class "com.nxp.freertos.gdb.tad.controller.queuelist.QueueFactory" at 170. line when calling method "readLongAtAddress(0x20002c90, QueueDefinition, u.pcReadFrom)"
	com.nxp.freertos.gdb.tad.controller.TadFactory.readLongAtAddress(TadFactory.java:160)
	com.nxp.freertos.gdb.tad.controller.queuelist.QueueFactory.getQueue(QueueFactory.java:170)
	com.nxp.freertos.gdb.tad.controller.queuelist.QueueFactory.getData(QueueFactory.java:109)
	com.nxp.freertos.gdb.tad.model.TadModel$2.execute(TadModel.java:242)
	com.nxp.freertos.gdb.tad.model.TadModel$3.run(TadModel.java:352)
15:39:27.489 ERROR: [TadFactoryData] Could not load data for "Queue List" view! For more information check TAD log
15:39:27.489 INFO: [Benchmark] Loading data for "Queue List" took 1785 ms.
15:39:27.489 INFO: [TadState] TAD state changed:  DEBUG_RESUMED -> READY (SUSPENDED, STEP)
15:39:27.489 INFO: [Benchmark] Loading data for "Queue List" has started.
15:39:27.593 INFO: [TadState] TAD state changed:  READY -> DEBUG_RESUMED (RESUMED, STEP)
15:39:28.747 EXCEPTION: [QueueFactory] ReadingException in class "com.nxp.freertos.gdb.tad.controller.queuelist.QueueFactory" at 173. line when calling method "readLongAtAddress(0x200024a0, QueueDefinition, pcWriteTo)"
	com.nxp.freertos.gdb.tad.controller.TadFactory.readLongAtAddress(TadFactory.java:160)
	com.nxp.freertos.gdb.tad.controller.queuelist.QueueFactory.getQueue(QueueFactory.java:173)
	com.nxp.freertos.gdb.tad.controller.queuelist.QueueFactory.getData(QueueFactory.java:109)
	com.nxp.freertos.gdb.tad.model.TadModel$2.execute(TadModel.java:242)
	com.nxp.freertos.gdb.tad.model.TadModel$3.run(TadModel.java:352)
15:39:28.747 ERROR: [TadFactoryData] Could not load data for "Queue List" view! For more information check TAD log
15:39:28.747 INFO: [Benchmark] Loading data for "Queue List" took 1258 ms.
15:39:28.747 INFO: [TadState] TAD state changed:  DEBUG_RESUMED -> READY (SUSPENDED, STEP)
15:39:28.747 INFO: [Benchmark] Loading data for "Queue List" has started.
15:39:29.497 INFO: [Benchmark] Loading data for "Queue List" took 750 ms.
15:39:29.752 INFO: [TadState] TAD state changed:  READY -> DEBUG_RESUMED (RESUMED, STEP)
15:39:29.825 INFO: [TadState] TAD state changed:  DEBUG_RESUMED -> READY (SUSPENDED, STEP)
15:39:29.826 INFO: [Benchmark] Loading data for "Queue List" has started.
15:39:30.828 INFO: [Benchmark] Loading data for "Queue List" took 1002 ms.
15:39:36.566 INFO: [Benchmark] Loading data for "Heap Usage" has started.
15:39:41.701 INFO: [HeapFactory] TAD will try to determine heap type (memory scheme) from available variables.
Please add "static const uint8_t freeRTOSMemoryScheme = <heap_type_used>;" (or use macro configFRTOS_MEMORY_SCHEME, if defined)
variable into your project for TAD to know which heap type is used.
15:39:41.701 INFO: [FreeRTOS] FreeRTOS macro "configFRTOS_MEMORY_SCHEME" is disabled.
15:39:41.702 INFO: [HeapFactory] Heap variable ucHeap is equal to "0x200023e8".
15:39:42.715 INFO: [HeapFactory] Heap type (memory allocation scheme) has been identified from available heap variables as Heap type #1. 
15:39:43.744 EXCEPTION: [HeapFactory] ReadingException in class "com.nxp.freertos.gdb.tad.controller.heapusage.HeapFactory" at 224. line when calling method "readLongVariable(xNextFreeByte)"
	com.nxp.freertos.gdb.tad.controller.TadFactory.readLongVariable(TadFactory.java:253)
	com.nxp.freertos.gdb.tad.controller.heapusage.HeapFactory.getData(HeapFactory.java:224)
	com.nxp.freertos.gdb.tad.model.TadModel$2.execute(TadModel.java:242)
	com.nxp.freertos.gdb.tad.model.TadModel$3.run(TadModel.java:352)
15:39:43.744 ERROR: [TadFactoryData] Could not load data for "Heap Usage" view probably due to missing heap related variable! Try to define heap variables as "volatile" so they are not optimised out.
Another possibility is that used heap was identified incorrectly as heap 1. 
15:39:43.744 INFO: [Benchmark] Loading data for "Heap Usage" took 7178 ms.
15:39:45.898 INFO: [Benchmark] Loading data for "Task List" has started.
15:39:45.898 INFO: [Benchmark] Loaded data for "Task List" from cache.
15:40:05.463 INFO: [TadState] TAD state changed:  READY -> DEBUG_RESUMED (RESUMED, USER_REQUEST)
15:40:06.393 INFO: [TadState] TAD state changed:  DEBUG_RESUMED -> READY (SUSPENDED, SIGNAL)
15:40:06.393 INFO: [Benchmark] Loading data for "Task List" has started.
15:40:08.322 INFO: [Benchmark] Loading data for "Task List" took 1929 ms.
15:40:08.388 INFO: [TadState] TAD state changed:  READY -> DEBUG_RESUMED (RESUMED, USER_REQUEST)
15:47:25.403 INFO: [TadState] TAD state changed:  DEBUG_RESUMED -> READY (SUSPENDED, SIGNAL)
15:47:25.403 INFO: [Benchmark] Loading data for "Task List" has started.
15:47:27.300 INFO: [Benchmark] Loading data for "Task List" took 1897 ms.
15:54:15.372 INFO: [TadModel] DSF session ID 26 has started.
15:54:15.462 INFO: [TadModel] DSF session ID 25 has ended.
