"FreeRTOS Task Aware Debugger for GDB" version 1.0.2 (201704260904)
(c) 2016 NXP Semiconductors, Inc.
==================================
21:23:28.614 INFO: [TadModel] DSF session ID 43 has started.
21:23:34.264 INFO: [TadState] TAD state changed:  DEBUG_STARTED -> DEBUG_INIT_0 (RESUMED, USER_REQUEST)
21:23:34.280 INFO: [TadState] TAD state changed:  DEBUG_INIT_0 -> DEBUG_INIT_1 (SUSPENDED, SIGNAL)
21:23:38.109 INFO: [TadState] TAD state changed:  DEBUG_INIT_1 -> DEBUG_SUSPENDED (RESUMED, USER_REQUEST)
21:23:38.205 INFO: [TadState] TAD state changed:  DEBUG_SUSPENDED -> DEBUG_SUSPENDED (SUSPENDED, BREAKPOINT)
21:23:40.984 INFO: [TadState] TAD state changed:  DEBUG_SUSPENDED -> DEBUG_RESUMED (RESUMED, USER_REQUEST)
21:23:49.793 INFO: [TadState] TAD state changed:  DEBUG_RESUMED -> READY (SUSPENDED, BREAKPOINT)
21:23:53.549 INFO: [TadState] TAD state changed:  READY -> DEBUG_RESUMED (RESUMED, USER_REQUEST)
21:23:53.637 INFO: [TadState] TAD state changed:  DEBUG_RESUMED -> READY (SUSPENDED, BREAKPOINT)
21:23:56.497 INFO: [TadState] TAD state changed:  READY -> DEBUG_RESUMED (RESUMED, USER_REQUEST)
21:24:32.249 INFO: [TadState] TAD state changed:  DEBUG_RESUMED -> READY (SUSPENDED, SIGNAL)
21:24:34.380 INFO: [Benchmark] Loading data for "Task List" has started.
21:24:37.166 INFO: [Benchmark] Loading data for "Task List" took 2786 ms.
21:24:41.692 INFO: [Benchmark] Loading data for "Queue List" has started.
21:24:41.692 INFO: [Benchmark] Loaded data for "Queue List" from cache.
21:24:45.215 INFO: [Benchmark] Loading data for "Heap Usage" has started.
21:24:49.231 INFO: [HeapFactory] TAD will try to determine heap type (memory scheme) from available variables.
Please add "static const uint8_t freeRTOSMemoryScheme = <heap_type_used>;" (or use macro configFRTOS_MEMORY_SCHEME, if defined)
variable into your project for TAD to know which heap type is used.
21:24:49.231 INFO: [FreeRTOS] FreeRTOS macro "configFRTOS_MEMORY_SCHEME" is disabled.
21:24:49.231 INFO: [HeapFactory] Heap variable ucHeap is equal to "0x200023e4".
21:24:50.232 INFO: [HeapFactory] Heap type (memory allocation scheme) has been identified from available heap variables as Heap type #1. 
21:24:51.244 EXCEPTION: [HeapFactory] ReadingException in class "com.nxp.freertos.gdb.tad.controller.heapusage.HeapFactory" at 224. line when calling method "readLongVariable(xNextFreeByte)"
	com.nxp.freertos.gdb.tad.controller.TadFactory.readLongVariable(TadFactory.java:253)
	com.nxp.freertos.gdb.tad.controller.heapusage.HeapFactory.getData(HeapFactory.java:224)
	com.nxp.freertos.gdb.tad.model.TadModel$2.execute(TadModel.java:242)
	com.nxp.freertos.gdb.tad.model.TadModel$3.run(TadModel.java:352)
21:24:51.244 ERROR: [TadFactoryData] Could not load data for "Heap Usage" view probably due to missing heap related variable! Try to define heap variables as "volatile" so they are not optimised out.
Another possibility is that used heap was identified incorrectly as heap 1. 
21:24:51.245 INFO: [Benchmark] Loading data for "Heap Usage" took 6030 ms.
21:24:53.64 INFO: [Benchmark] Loading data for "Task List" has started.
21:24:53.64 INFO: [Benchmark] Loaded data for "Task List" from cache.
21:25:08.889 INFO: [TadState] TAD state changed:  READY -> DEBUG_RESUMED (RESUMED, USER_REQUEST)
21:27:05.429 INFO: [TadState] TAD state changed:  DEBUG_RESUMED -> READY (SUSPENDED, BREAKPOINT)
21:27:05.429 INFO: [Benchmark] Loading data for "Task List" has started.
21:27:08.260 INFO: [Benchmark] Loading data for "Task List" took 2830 ms.
21:27:08.495 INFO: [TadState] TAD state changed:  READY -> DEBUG_RESUMED (RESUMED, STEP)
21:27:08.602 INFO: [TadState] TAD state changed:  DEBUG_RESUMED -> READY (SUSPENDED, STEP)
21:27:08.602 INFO: [Benchmark] Loading data for "Task List" has started.
21:27:10.724 INFO: [Benchmark] Loading data for "Task List" took 2122 ms.
21:27:11.366 INFO: [TadState] TAD state changed:  READY -> DEBUG_RESUMED (RESUMED, STEP)
21:27:11.761 INFO: [TadState] TAD state changed:  DEBUG_RESUMED -> READY (SUSPENDED, STEP)
21:27:11.762 INFO: [Benchmark] Loading data for "Task List" has started.
21:27:14.63 INFO: [Benchmark] Loading data for "Task List" took 2301 ms.
21:27:18.08 INFO: [TadState] TAD state changed:  READY -> DEBUG_RESUMED (RESUMED, STEP)
21:27:18.41 INFO: [TadState] TAD state changed:  DEBUG_RESUMED -> READY (SUSPENDED, STEP)
21:27:18.41 INFO: [Benchmark] Loading data for "Task List" has started.
21:27:18.646 INFO: [TadState] TAD state changed:  READY -> DEBUG_RESUMED (RESUMED, STEP)
21:27:20.170 ERROR: [TaskFactory] Cannot read information from "pxReadyTasksLists[17]".
21:27:21.172 ERROR: [TaskFactory] Cannot read information from "pxReadyTasksLists[18]".
21:27:22.173 ERROR: [TaskFactory] Cannot read information from "pxReadyTasksLists[19]".
21:27:23.175 ERROR: [TaskFactory] Cannot read information from "pxReadyTasksLists[20]".
21:27:24.177 ERROR: [TaskFactory] Cannot read information from "pxReadyTasksLists[21]".
21:27:25.177 ERROR: [TaskFactory] Cannot read information from "pxReadyTasksLists[22]".
21:27:26.179 ERROR: [TaskFactory] Cannot read information from "pxReadyTasksLists[23]".
21:27:27.180 ERROR: [TaskFactory] Cannot read information from "pxReadyTasksLists[24]".
21:27:28.181 ERROR: [TaskFactory] Cannot read information from "pxReadyTasksLists[25]".
21:27:29.182 ERROR: [TaskFactory] Cannot read information from "pxReadyTasksLists[26]".
21:27:30.183 ERROR: [TaskFactory] Cannot read information from "pxReadyTasksLists[27]".
21:27:31.184 ERROR: [TaskFactory] Cannot read information from "pxReadyTasksLists[28]".
21:27:32.185 ERROR: [TaskFactory] Cannot read information from "pxReadyTasksLists[29]".
21:27:33.186 ERROR: [TaskFactory] Cannot read information from "pxReadyTasksLists[30]".
21:27:34.187 ERROR: [TaskFactory] Cannot read information from "pxReadyTasksLists[31]".
21:27:35.189 ERROR: [TaskFactory] Cannot read information from "pxReadyTasksLists[32]".
21:27:36.191 ERROR: [TaskFactory] Cannot read information from "pxReadyTasksLists[33]".
21:27:37.193 ERROR: [TaskFactory] Cannot read information from "pxReadyTasksLists[34]".
21:27:38.194 ERROR: [TaskFactory] Cannot read information from "pxReadyTasksLists[35]".
21:27:39.194 ERROR: [TaskFactory] Cannot read information from "pxReadyTasksLists[36]".
21:27:40.196 ERROR: [TaskFactory] Cannot read information from "pxReadyTasksLists[37]".
21:27:41.196 ERROR: [TaskFactory] Cannot read information from "pxReadyTasksLists[38]".
21:27:42.198 ERROR: [TaskFactory] Cannot read information from "pxReadyTasksLists[39]".
21:27:43.198 ERROR: [TaskFactory] Cannot read information from "pxReadyTasksLists[40]".
21:27:44.200 ERROR: [TaskFactory] Cannot read information from "pxReadyTasksLists[41]".
21:27:45.201 ERROR: [TaskFactory] Cannot read information from "pxReadyTasksLists[42]".
21:27:46.203 ERROR: [TaskFactory] Cannot read information from "pxReadyTasksLists[43]".
21:27:47.204 ERROR: [TaskFactory] Cannot read information from "pxReadyTasksLists[44]".
21:27:48.205 ERROR: [TaskFactory] Cannot read information from "pxReadyTasksLists[45]".
21:27:49.206 ERROR: [TaskFactory] Cannot read information from "pxReadyTasksLists[46]".
21:27:50.208 ERROR: [TaskFactory] Cannot read information from "pxReadyTasksLists[47]".
21:27:51.209 ERROR: [TaskFactory] Cannot read information from "pxReadyTasksLists[48]".
21:27:52.211 ERROR: [TaskFactory] Cannot read information from "pxReadyTasksLists[49]".
21:27:53.211 ERROR: [TaskFactory] Cannot read information from "pxReadyTasksLists[50]".
21:27:54.212 ERROR: [TaskFactory] Cannot read information from "pxReadyTasksLists[51]".
21:27:55.213 ERROR: [TaskFactory] Cannot read information from "pxReadyTasksLists[52]".
21:27:56.215 ERROR: [TaskFactory] Cannot read information from "pxReadyTasksLists[53]".
21:27:57.216 ERROR: [TaskFactory] Cannot read information from "pxReadyTasksLists[54]".
21:27:58.217 ERROR: [TaskFactory] Cannot read information from "pxReadyTasksLists[55]".
21:27:59.219 ERROR: [TaskFactory] Cannot read information from "xPendingReadyList".
21:28:00.220 ERROR: [TaskFactory] Cannot read information from "xSuspendedTaskList".
21:28:01.221 ERROR: [TaskFactory] Cannot read information from "xDelayedTaskList1".
21:28:02.222 ERROR: [TaskFactory] Cannot read information from "xDelayedTaskList2".
21:28:02.222 INFO: [Benchmark] Loading data for "Task List" took 44181 ms.
21:28:02.222 INFO: [TadState] TAD state changed:  DEBUG_RESUMED -> READY (SUSPENDED, STEP)
21:28:02.222 INFO: [Benchmark] Loading data for "Task List" has started.
21:28:04.561 INFO: [Benchmark] Loading data for "Task List" took 2339 ms.
21:28:05.579 INFO: [TadState] TAD state changed:  READY -> DEBUG_RESUMED (RESUMED, USER_REQUEST)
21:28:09.304 INFO: [TadState] TAD state changed:  DEBUG_RESUMED -> READY (SUSPENDED, BREAKPOINT)
21:28:09.305 INFO: [Benchmark] Loading data for "Task List" has started.
21:28:11.374 INFO: [TadState] TAD state changed:  READY -> DEBUG_RESUMED (RESUMED, STEP)
21:28:12.491 INFO: [FreeRTOS] FreeRTOS macro "configRECORD_STACK_HIGH_ADDRESS" is disabled.
21:28:12.993 ERROR: [MemoryReader] Could not get memory block! Invalid address "0x200042c8" and/or "0xa4" length of a block!
21:28:13.994 INFO: [FreeRTOS] FreeRTOS macro "configUSE_TRACE_FACILITY" is disabled.
21:28:14.995 ERROR: [TaskFactory] Cannot read information from "xSuspendedTaskList".
21:28:15.997 ERROR: [TaskFactory] Cannot read information from "xDelayedTaskList1".
21:28:17.19 ERROR: [TaskFactory] Cannot read information from "xDelayedTaskList2".
21:28:17.19 ERROR: [TaskFactory] Could not read pxEndOfStack variable needed for determining correct stack size! 
	Please enable "configRECORD_STACK_HIGH_ADDRESS" macro in FreeRTOSConfig.h.
21:28:17.19 INFO: [Benchmark] Loading data for "Task List" took 7715 ms.
21:28:17.19 INFO: [TadState] TAD state changed:  DEBUG_RESUMED -> READY (SUSPENDED, STEP)
21:28:17.19 INFO: [Benchmark] Loading data for "Task List" has started.
21:28:19.93 ERROR: [TaskFactory] Could not read pxEndOfStack variable needed for determining correct stack size! 
	Please enable "configRECORD_STACK_HIGH_ADDRESS" macro in FreeRTOSConfig.h.
21:28:19.93 INFO: [Benchmark] Loading data for "Task List" took 2074 ms.
21:28:19.705 INFO: [TadState] TAD state changed:  READY -> DEBUG_RESUMED (RESUMED, STEP)
21:28:19.737 INFO: [TadState] TAD state changed:  DEBUG_RESUMED -> READY (SUSPENDED, STEP)
21:28:19.737 INFO: [Benchmark] Loading data for "Task List" has started.
21:28:21.772 ERROR: [TaskFactory] Could not read pxEndOfStack variable needed for determining correct stack size! 
	Please enable "configRECORD_STACK_HIGH_ADDRESS" macro in FreeRTOSConfig.h.
21:28:21.772 INFO: [Benchmark] Loading data for "Task List" took 2035 ms.
21:28:34.49 INFO: [TadState] TAD state changed:  READY -> DEBUG_RESUMED (RESUMED, USER_REQUEST)
21:29:10.41 INFO: [TadState] TAD state changed:  DEBUG_RESUMED -> READY (SUSPENDED, BREAKPOINT)
21:29:10.41 INFO: [Benchmark] Loading data for "Task List" has started.
21:29:12.156 ERROR: [TaskFactory] Could not read pxEndOfStack variable needed for determining correct stack size! 
	Please enable "configRECORD_STACK_HIGH_ADDRESS" macro in FreeRTOSConfig.h.
21:29:12.156 INFO: [Benchmark] Loading data for "Task List" took 2115 ms.
21:29:22.608 INFO: [TadState] TAD state changed:  READY -> DEBUG_RESUMED (RESUMED, USER_REQUEST)
21:29:25.755 INFO: [TadModel] DSF session ID 43 has ended.
