"FreeRTOS Task Aware Debugger for GDB" version 1.0.2 (201704260904)
(c) 2016 NXP Semiconductors, Inc.
==================================
18:24:20.98 INFO: [TadState] TAD state changed:  NONE -> DEBUG_INIT_0 (RESUMED, USER_REQUEST)
18:24:20.113 INFO: [TadState] TAD state changed:  DEBUG_INIT_0 -> DEBUG_INIT_1 (SUSPENDED, SIGNAL)
18:24:24.604 INFO: [TadState] TAD state changed:  DEBUG_INIT_1 -> DEBUG_SUSPENDED (RESUMED, USER_REQUEST)
18:24:24.715 INFO: [TadState] TAD state changed:  DEBUG_SUSPENDED -> DEBUG_SUSPENDED (SUSPENDED, BREAKPOINT)
18:24:42.418 INFO: [TadState] TAD state changed:  DEBUG_SUSPENDED -> DEBUG_RESUMED (RESUMED, USER_REQUEST)
18:24:59.850 INFO: [TadState] TAD state changed:  DEBUG_RESUMED -> READY (SUSPENDED, BREAKPOINT)
18:25:03.260 INFO: [TadState] TAD state changed:  READY -> DEBUG_RESUMED (RESUMED, USER_REQUEST)
18:27:22.539 INFO: [TadState] TAD state changed:  DEBUG_RESUMED -> READY (SUSPENDED, BREAKPOINT)
18:27:25.773 INFO: [TadState] TAD state changed:  READY -> DEBUG_RESUMED (RESUMED, USER_REQUEST)
18:27:57.723 INFO: [TadState] TAD state changed:  DEBUG_RESUMED -> READY (SUSPENDED, SIGNAL)
18:27:58.985 INFO: [TadState] TAD state changed:  READY -> DEBUG_RESUMED (RESUMED, USER_REQUEST)
18:27:59.74 INFO: [TadState] TAD state changed:  DEBUG_RESUMED -> READY (SUSPENDED, BREAKPOINT)
18:28:01.921 INFO: [TadState] TAD state changed:  READY -> DEBUG_RESUMED (RESUMED, USER_REQUEST)
18:28:09.591 INFO: [TadState] TAD state changed:  DEBUG_RESUMED -> READY (SUSPENDED, SIGNAL)
18:28:11.550 INFO: [TadState] TAD state changed:  READY -> DEBUG_RESUMED (RESUMED, USER_REQUEST)
18:28:11.659 INFO: [TadState] TAD state changed:  DEBUG_RESUMED -> READY (SUSPENDED, BREAKPOINT)
18:28:30.407 INFO: [TadState] TAD state changed:  READY -> DEBUG_RESUMED (RESUMED, USER_REQUEST)
18:28:44.572 INFO: [TadState] TAD state changed:  DEBUG_RESUMED -> READY (SUSPENDED, BREAKPOINT)
18:28:46.947 INFO: [TadState] TAD state changed:  READY -> DEBUG_RESUMED (RESUMED, USER_REQUEST)
18:30:59.828 INFO: [TadState] TAD state changed:  DEBUG_RESUMED -> READY (SUSPENDED, SIGNAL)
18:31:01.546 INFO: [Benchmark] Loading data for "Task List" has started.
18:31:02.598 EXCEPTION: [QueueFactory] ReadingException in class "com.nxp.freertos.gdb.tad.controller.queuelist.QueueFactory" at 167. line when calling method "readLongAtAddress(0x20002578, QueueDefinition, pcTail)"
	com.nxp.freertos.gdb.tad.controller.TadFactory.readLongAtAddress(TadFactory.java:160)
	com.nxp.freertos.gdb.tad.controller.queuelist.QueueFactory.getQueue(QueueFactory.java:167)
	com.nxp.freertos.gdb.tad.controller.queuelist.QueueFactory.getData(QueueFactory.java:109)
	com.nxp.freertos.gdb.tad.model.TadModel$2.execute(TadModel.java:223)
	com.nxp.freertos.gdb.tad.model.TadModel$3.run(TadModel.java:352)
18:31:02.598 ERROR: [TadFactoryData] Could not load data for "Queue List" view! For more information check TAD log
18:31:04.159 INFO: [Benchmark] Loading data for "Task List" took 2613 ms.
18:31:11.78 INFO: [TadState] TAD state changed:  READY -> DEBUG_RESUMED (RESUMED, USER_REQUEST)
18:31:42.230 INFO: [TadState] TAD state changed:  DEBUG_RESUMED -> READY (SUSPENDED, BREAKPOINT)
18:31:42.230 INFO: [Benchmark] Loading data for "Task List" has started.
18:31:43.282 EXCEPTION: [QueueFactory] ReadingException in class "com.nxp.freertos.gdb.tad.controller.queuelist.QueueFactory" at 167. line when calling method "readLongAtAddress(0x20002578, QueueDefinition, pcTail)"
	com.nxp.freertos.gdb.tad.controller.TadFactory.readLongAtAddress(TadFactory.java:160)
	com.nxp.freertos.gdb.tad.controller.queuelist.QueueFactory.getQueue(QueueFactory.java:167)
	com.nxp.freertos.gdb.tad.controller.queuelist.QueueFactory.getData(QueueFactory.java:109)
	com.nxp.freertos.gdb.tad.model.TadModel$2.execute(TadModel.java:223)
	com.nxp.freertos.gdb.tad.model.TadModel$3.run(TadModel.java:352)
18:31:43.282 ERROR: [TadFactoryData] Could not load data for "Queue List" view! For more information check TAD log
18:31:45.799 INFO: [Benchmark] Loading data for "Task List" took 3569 ms.
18:31:46.80 INFO: [TadState] TAD state changed:  READY -> DEBUG_RESUMED (RESUMED, USER_REQUEST)
18:33:56.357 INFO: [TadState] TAD state changed:  DEBUG_RESUMED -> READY (SUSPENDED, BREAKPOINT)
18:33:56.373 INFO: [Benchmark] Loading data for "Task List" has started.
18:33:57.404 EXCEPTION: [QueueFactory] ReadingException in class "com.nxp.freertos.gdb.tad.controller.queuelist.QueueFactory" at 167. line when calling method "readLongAtAddress(0x20002578, QueueDefinition, pcTail)"
	com.nxp.freertos.gdb.tad.controller.TadFactory.readLongAtAddress(TadFactory.java:160)
	com.nxp.freertos.gdb.tad.controller.queuelist.QueueFactory.getQueue(QueueFactory.java:167)
	com.nxp.freertos.gdb.tad.controller.queuelist.QueueFactory.getData(QueueFactory.java:109)
	com.nxp.freertos.gdb.tad.model.TadModel$2.execute(TadModel.java:223)
	com.nxp.freertos.gdb.tad.model.TadModel$3.run(TadModel.java:352)
18:33:57.404 ERROR: [TadFactoryData] Could not load data for "Queue List" view! For more information check TAD log
18:33:58.874 INFO: [TadState] TAD state changed:  READY -> DEBUG_RESUMED (RESUMED, STEP)
18:34:00.158 INFO: [FreeRTOS] FreeRTOS macro "configUSE_TRACE_FACILITY" is disabled.
18:34:01.164 ERROR: [TaskFactory] Cannot read information from "xSuspendedTaskList".
18:34:02.166 ERROR: [TaskFactory] Cannot read information from "xPendingReadyList".
18:34:02.166 INFO: [Benchmark] Loading data for "Task List" took 5809 ms.
18:34:02.166 INFO: [TadState] TAD state changed:  DEBUG_RESUMED -> READY (SUSPENDED, STEP)
18:34:02.166 INFO: [Benchmark] Loading data for "Task List" has started.
18:34:02.293 INFO: [TadState] TAD state changed:  READY -> DEBUG_RESUMED (RESUMED, STEP)
18:34:03.231 EXCEPTION: [QueueFactory] ReadingException in class "com.nxp.freertos.gdb.tad.controller.queuelist.QueueFactory" at 167. line when calling method "readLongAtAddress(0x20002578, QueueDefinition, pcTail)"
	com.nxp.freertos.gdb.tad.controller.TadFactory.readLongAtAddress(TadFactory.java:160)
	com.nxp.freertos.gdb.tad.controller.queuelist.QueueFactory.getQueue(QueueFactory.java:167)
	com.nxp.freertos.gdb.tad.controller.queuelist.QueueFactory.getData(QueueFactory.java:109)
	com.nxp.freertos.gdb.tad.model.TadModel$2.execute(TadModel.java:223)
	com.nxp.freertos.gdb.tad.model.TadModel$3.run(TadModel.java:352)
18:34:03.231 ERROR: [TadFactoryData] Could not load data for "Queue List" view! For more information check TAD log
18:34:03.231 INFO: [TadState] TAD state changed:  DEBUG_RESUMED -> READY (SUSPENDED, STEP)
18:34:03.499 INFO: [TadState] TAD state changed:  READY -> DEBUG_RESUMED (RESUMED, STEP)
18:34:05.154 ERROR: [TaskFactory] Cannot read information from "pxReadyTasksLists[42]".
18:34:06.156 ERROR: [TaskFactory] Cannot read information from "pxReadyTasksLists[43]".
18:34:07.158 ERROR: [TaskFactory] Cannot read information from "pxReadyTasksLists[44]".
18:34:08.162 ERROR: [TaskFactory] Cannot read information from "pxReadyTasksLists[45]".
18:34:09.164 ERROR: [TaskFactory] Cannot read information from "pxReadyTasksLists[46]".
18:34:10.167 ERROR: [TaskFactory] Cannot read information from "pxReadyTasksLists[47]".
18:34:11.181 ERROR: [TaskFactory] Cannot read information from "pxReadyTasksLists[48]".
18:34:12.183 ERROR: [TaskFactory] Cannot read information from "pxReadyTasksLists[49]".
18:34:13.187 ERROR: [TaskFactory] Cannot read information from "pxReadyTasksLists[50]".
18:34:14.191 ERROR: [TaskFactory] Cannot read information from "pxReadyTasksLists[51]".
18:34:15.193 ERROR: [TaskFactory] Cannot read information from "pxReadyTasksLists[52]".
18:34:16.196 ERROR: [TaskFactory] Cannot read information from "pxReadyTasksLists[53]".
18:34:17.199 ERROR: [TaskFactory] Cannot read information from "pxReadyTasksLists[54]".
18:34:18.211 ERROR: [TaskFactory] Cannot read information from "pxReadyTasksLists[55]".
18:34:19.226 ERROR: [TaskFactory] Cannot read information from "xDelayedTaskList1".
18:34:20.233 ERROR: [TaskFactory] Cannot read information from "xDelayedTaskList2".
18:34:21.240 ERROR: [TaskFactory] Cannot read information from "xSuspendedTaskList".
18:34:22.255 ERROR: [TaskFactory] Cannot read information from "xPendingReadyList".
18:34:22.255 INFO: [Benchmark] Loading data for "Task List" took 20089 ms.
18:34:22.255 INFO: [TadState] TAD state changed:  DEBUG_RESUMED -> READY (SUSPENDED, STEP)
18:34:22.255 INFO: [Benchmark] Loading data for "Task List" has started.
18:34:23.352 EXCEPTION: [QueueFactory] ReadingException in class "com.nxp.freertos.gdb.tad.controller.queuelist.QueueFactory" at 167. line when calling method "readLongAtAddress(0x20002578, QueueDefinition, pcTail)"
	com.nxp.freertos.gdb.tad.controller.TadFactory.readLongAtAddress(TadFactory.java:160)
	com.nxp.freertos.gdb.tad.controller.queuelist.QueueFactory.getQueue(QueueFactory.java:167)
	com.nxp.freertos.gdb.tad.controller.queuelist.QueueFactory.getData(QueueFactory.java:109)
	com.nxp.freertos.gdb.tad.model.TadModel$2.execute(TadModel.java:223)
	com.nxp.freertos.gdb.tad.model.TadModel$3.run(TadModel.java:352)
18:34:23.352 ERROR: [TadFactoryData] Could not load data for "Queue List" view! For more information check TAD log
18:34:24.947 INFO: [Benchmark] Loading data for "Task List" took 2692 ms.
18:34:27.14 INFO: [TadState] TAD state changed:  READY -> DEBUG_RESUMED (RESUMED, STEP)
18:34:27.279 INFO: [TadState] TAD state changed:  DEBUG_RESUMED -> READY (SUSPENDED, BREAKPOINT)
18:34:27.279 INFO: [Benchmark] Loading data for "Task List" has started.
18:34:27.876 INFO: [TadState] TAD state changed:  READY -> DEBUG_RESUMED (RESUMED, STEP)
18:34:28.345 EXCEPTION: [QueueFactory] ReadingException in class "com.nxp.freertos.gdb.tad.controller.queuelist.QueueFactory" at 167. line when calling method "readLongAtAddress(0x20002578, QueueDefinition, pcTail)"
	com.nxp.freertos.gdb.tad.controller.TadFactory.readLongAtAddress(TadFactory.java:160)
	com.nxp.freertos.gdb.tad.controller.queuelist.QueueFactory.getQueue(QueueFactory.java:167)
	com.nxp.freertos.gdb.tad.controller.queuelist.QueueFactory.getData(QueueFactory.java:109)
	com.nxp.freertos.gdb.tad.model.TadModel$2.execute(TadModel.java:223)
	com.nxp.freertos.gdb.tad.model.TadModel$3.run(TadModel.java:352)
18:34:28.345 ERROR: [TadFactoryData] Could not load data for "Queue List" view! For more information check TAD log
18:34:28.345 INFO: [TadState] TAD state changed:  DEBUG_RESUMED -> READY (SUSPENDED, STEP)
18:34:28.882 INFO: [TadState] TAD state changed:  READY -> DEBUG_RESUMED (RESUMED, STEP)
18:34:30.213 ERROR: [TaskFactory] Cannot read information from "pxReadyTasksLists[52]".
18:34:31.214 ERROR: [TaskFactory] Cannot read information from "pxReadyTasksLists[53]".
18:34:32.228 ERROR: [TaskFactory] Cannot read information from "pxReadyTasksLists[54]".
18:34:33.230 ERROR: [TaskFactory] Cannot read information from "pxReadyTasksLists[55]".
18:34:34.232 ERROR: [TaskFactory] Cannot read information from "xDelayedTaskList1".
18:34:35.239 ERROR: [TaskFactory] Cannot read information from "xDelayedTaskList2".
18:34:36.247 ERROR: [TaskFactory] Cannot read information from "xSuspendedTaskList".
18:34:37.260 ERROR: [TaskFactory] Cannot read information from "xPendingReadyList".
18:34:37.260 INFO: [Benchmark] Loading data for "Task List" took 9981 ms.
18:34:37.260 INFO: [TadState] TAD state changed:  DEBUG_RESUMED -> READY (SUSPENDED, STEP)
18:34:37.260 INFO: [Benchmark] Loading data for "Task List" has started.
18:34:37.275 INFO: [TadState] TAD state changed:  READY -> DEBUG_RESUMED (RESUMED, STEP)
18:34:38.374 EXCEPTION: [QueueFactory] ReadingException in class "com.nxp.freertos.gdb.tad.controller.queuelist.QueueFactory" at 167. line when calling method "readLongAtAddress(0x20002578, QueueDefinition, pcTail)"
	com.nxp.freertos.gdb.tad.controller.TadFactory.readLongAtAddress(TadFactory.java:160)
	com.nxp.freertos.gdb.tad.controller.queuelist.QueueFactory.getQueue(QueueFactory.java:167)
	com.nxp.freertos.gdb.tad.controller.queuelist.QueueFactory.getData(QueueFactory.java:109)
	com.nxp.freertos.gdb.tad.model.TadModel$2.execute(TadModel.java:223)
	com.nxp.freertos.gdb.tad.model.TadModel$3.run(TadModel.java:352)
18:34:38.374 ERROR: [TadFactoryData] Could not load data for "Queue List" view! For more information check TAD log
18:34:38.374 INFO: [TadState] TAD state changed:  DEBUG_RESUMED -> READY (SUSPENDED, STEP)
18:34:40.246 INFO: [Benchmark] Loading data for "Task List" took 2986 ms.
18:34:40.246 INFO: [Benchmark] Loading data for "Task List" has started.
18:34:40.608 INFO: [TadState] TAD state changed:  READY -> DEBUG_RESUMED (RESUMED, STEP)
18:34:41.299 EXCEPTION: [QueueFactory] ReadingException in class "com.nxp.freertos.gdb.tad.controller.queuelist.QueueFactory" at 167. line when calling method "readLongAtAddress(0x20002578, QueueDefinition, pcTail)"
	com.nxp.freertos.gdb.tad.controller.TadFactory.readLongAtAddress(TadFactory.java:160)
	com.nxp.freertos.gdb.tad.controller.queuelist.QueueFactory.getQueue(QueueFactory.java:167)
	com.nxp.freertos.gdb.tad.controller.queuelist.QueueFactory.getData(QueueFactory.java:109)
	com.nxp.freertos.gdb.tad.model.TadModel$2.execute(TadModel.java:223)
	com.nxp.freertos.gdb.tad.model.TadModel$3.run(TadModel.java:352)
18:34:41.299 ERROR: [TadFactoryData] Could not load data for "Queue List" view! For more information check TAD log
18:34:41.299 INFO: [TadState] TAD state changed:  DEBUG_RESUMED -> READY (SUSPENDED, BREAKPOINT)
18:34:42.13 INFO: [TadState] TAD state changed:  READY -> DEBUG_RESUMED (RESUMED, STEP)
18:34:43.349 ERROR: [TaskFactory] Cannot read information from "xSuspendedTaskList".
18:34:44.352 ERROR: [TaskFactory] Cannot read information from "xPendingReadyList".
18:34:44.352 INFO: [TadState] TAD state changed:  DEBUG_RESUMED -> READY (SUSPENDED, STEP)
18:34:44.352 INFO: [Benchmark] Loading data for "Task List" took 4106 ms.
18:34:44.352 INFO: [Benchmark] Loading data for "Task List" has started.
18:34:45.403 EXCEPTION: [QueueFactory] ReadingException in class "com.nxp.freertos.gdb.tad.controller.queuelist.QueueFactory" at 167. line when calling method "readLongAtAddress(0x20002578, QueueDefinition, pcTail)"
	com.nxp.freertos.gdb.tad.controller.TadFactory.readLongAtAddress(TadFactory.java:160)
	com.nxp.freertos.gdb.tad.controller.queuelist.QueueFactory.getQueue(QueueFactory.java:167)
	com.nxp.freertos.gdb.tad.controller.queuelist.QueueFactory.getData(QueueFactory.java:109)
	com.nxp.freertos.gdb.tad.model.TadModel$2.execute(TadModel.java:223)
	com.nxp.freertos.gdb.tad.model.TadModel$3.run(TadModel.java:352)
18:34:45.403 ERROR: [TadFactoryData] Could not load data for "Queue List" view! For more information check TAD log
18:34:46.948 INFO: [Benchmark] Loading data for "Task List" took 2596 ms.
18:34:47.324 INFO: [TadState] TAD state changed:  READY -> DEBUG_RESUMED (RESUMED, STEP)
18:34:47.620 INFO: [TadState] TAD state changed:  DEBUG_RESUMED -> READY (SUSPENDED, STEP)
18:34:47.620 INFO: [Benchmark] Loading data for "Task List" has started.
18:34:48.659 EXCEPTION: [QueueFactory] ReadingException in class "com.nxp.freertos.gdb.tad.controller.queuelist.QueueFactory" at 167. line when calling method "readLongAtAddress(0x20002578, QueueDefinition, pcTail)"
	com.nxp.freertos.gdb.tad.controller.TadFactory.readLongAtAddress(TadFactory.java:160)
	com.nxp.freertos.gdb.tad.controller.queuelist.QueueFactory.getQueue(QueueFactory.java:167)
	com.nxp.freertos.gdb.tad.controller.queuelist.QueueFactory.getData(QueueFactory.java:109)
	com.nxp.freertos.gdb.tad.model.TadModel$2.execute(TadModel.java:223)
	com.nxp.freertos.gdb.tad.model.TadModel$3.run(TadModel.java:352)
18:34:48.659 ERROR: [TadFactoryData] Could not load data for "Queue List" view! For more information check TAD log
18:34:50.255 INFO: [Benchmark] Loading data for "Task List" took 2635 ms.
18:34:50.858 INFO: [TadState] TAD state changed:  READY -> DEBUG_RESUMED (RESUMED, STEP)
18:34:51.179 INFO: [TadState] TAD state changed:  DEBUG_RESUMED -> READY (SUSPENDED, STEP)
18:34:51.179 INFO: [Benchmark] Loading data for "Task List" has started.
18:34:52.228 EXCEPTION: [QueueFactory] ReadingException in class "com.nxp.freertos.gdb.tad.controller.queuelist.QueueFactory" at 167. line when calling method "readLongAtAddress(0x20002578, QueueDefinition, pcTail)"
	com.nxp.freertos.gdb.tad.controller.TadFactory.readLongAtAddress(TadFactory.java:160)
	com.nxp.freertos.gdb.tad.controller.queuelist.QueueFactory.getQueue(QueueFactory.java:167)
	com.nxp.freertos.gdb.tad.controller.queuelist.QueueFactory.getData(QueueFactory.java:109)
	com.nxp.freertos.gdb.tad.model.TadModel$2.execute(TadModel.java:223)
	com.nxp.freertos.gdb.tad.model.TadModel$3.run(TadModel.java:352)
18:34:52.228 ERROR: [TadFactoryData] Could not load data for "Queue List" view! For more information check TAD log
18:34:53.399 INFO: [TadState] TAD state changed:  READY -> DEBUG_RESUMED (RESUMED, STEP)
18:34:54.700 INFO: [FreeRTOS] FreeRTOS macro "configUSE_MUTEXES" is disabled.
18:34:55.713 ERROR: [TaskFactory] Cannot read information from "xSuspendedTaskList".
18:34:56.717 ERROR: [TaskFactory] Cannot read information from "xPendingReadyList".
18:34:56.717 INFO: [TadState] TAD state changed:  DEBUG_RESUMED -> READY (SUSPENDED, STEP)
18:34:56.717 INFO: [Benchmark] Loading data for "Task List" took 5538 ms.
18:34:56.717 INFO: [Benchmark] Loading data for "Task List" has started.
18:34:57.763 EXCEPTION: [QueueFactory] ReadingException in class "com.nxp.freertos.gdb.tad.controller.queuelist.QueueFactory" at 167. line when calling method "readLongAtAddress(0x20002578, QueueDefinition, pcTail)"
	com.nxp.freertos.gdb.tad.controller.TadFactory.readLongAtAddress(TadFactory.java:160)
	com.nxp.freertos.gdb.tad.controller.queuelist.QueueFactory.getQueue(QueueFactory.java:167)
	com.nxp.freertos.gdb.tad.controller.queuelist.QueueFactory.getData(QueueFactory.java:109)
	com.nxp.freertos.gdb.tad.model.TadModel$2.execute(TadModel.java:223)
	com.nxp.freertos.gdb.tad.model.TadModel$3.run(TadModel.java:352)
18:34:57.763 ERROR: [TadFactoryData] Could not load data for "Queue List" view! For more information check TAD log
18:34:59.276 INFO: [Benchmark] Loading data for "Task List" took 2559 ms.
18:35:09.29 INFO: [TadState] TAD state changed:  READY -> DEBUG_RESUMED (RESUMED, STEP)
18:35:09.373 INFO: [TadState] TAD state changed:  DEBUG_RESUMED -> READY (SUSPENDED, STEP)
18:35:09.373 INFO: [Benchmark] Loading data for "Task List" has started.
18:35:10.425 EXCEPTION: [QueueFactory] ReadingException in class "com.nxp.freertos.gdb.tad.controller.queuelist.QueueFactory" at 167. line when calling method "readLongAtAddress(0x20002578, QueueDefinition, pcTail)"
	com.nxp.freertos.gdb.tad.controller.TadFactory.readLongAtAddress(TadFactory.java:160)
	com.nxp.freertos.gdb.tad.controller.queuelist.QueueFactory.getQueue(QueueFactory.java:167)
	com.nxp.freertos.gdb.tad.controller.queuelist.QueueFactory.getData(QueueFactory.java:109)
	com.nxp.freertos.gdb.tad.model.TadModel$2.execute(TadModel.java:223)
	com.nxp.freertos.gdb.tad.model.TadModel$3.run(TadModel.java:352)
18:35:10.425 ERROR: [TadFactoryData] Could not load data for "Queue List" view! For more information check TAD log
18:35:10.853 INFO: [TadState] TAD state changed:  READY -> DEBUG_RESUMED (RESUMED, STEP)
18:35:12.111 ERROR: [TaskFactory] Cannot read information from "xDelayedTaskList1".
18:35:13.121 ERROR: [TaskFactory] Cannot read information from "xDelayedTaskList2".
18:35:14.126 ERROR: [TaskFactory] Cannot read information from "xSuspendedTaskList".
18:35:15.136 ERROR: [TaskFactory] Cannot read information from "xPendingReadyList".
18:35:15.136 INFO: [Benchmark] Loading data for "Task List" took 5763 ms.
18:35:15.136 INFO: [TadState] TAD state changed:  DEBUG_RESUMED -> READY (SUSPENDED, STEP)
18:35:15.136 INFO: [Benchmark] Loading data for "Task List" has started.
18:35:16.186 EXCEPTION: [QueueFactory] ReadingException in class "com.nxp.freertos.gdb.tad.controller.queuelist.QueueFactory" at 167. line when calling method "readLongAtAddress(0x20002578, QueueDefinition, pcTail)"
	com.nxp.freertos.gdb.tad.controller.TadFactory.readLongAtAddress(TadFactory.java:160)
	com.nxp.freertos.gdb.tad.controller.queuelist.QueueFactory.getQueue(QueueFactory.java:167)
	com.nxp.freertos.gdb.tad.controller.queuelist.QueueFactory.getData(QueueFactory.java:109)
	com.nxp.freertos.gdb.tad.model.TadModel$2.execute(TadModel.java:223)
	com.nxp.freertos.gdb.tad.model.TadModel$3.run(TadModel.java:352)
18:35:16.186 ERROR: [TadFactoryData] Could not load data for "Queue List" view! For more information check TAD log
18:35:17.934 INFO: [Benchmark] Loading data for "Task List" took 2798 ms.
18:35:39.340 INFO: [TadState] TAD state changed:  READY -> DEBUG_RESUMED (RESUMED, STEP)
18:35:39.893 INFO: [TadState] TAD state changed:  DEBUG_RESUMED -> READY (SUSPENDED, STEP)
18:35:39.893 INFO: [Benchmark] Loading data for "Task List" has started.
18:35:40.976 EXCEPTION: [QueueFactory] ReadingException in class "com.nxp.freertos.gdb.tad.controller.queuelist.QueueFactory" at 167. line when calling method "readLongAtAddress(0x20002578, QueueDefinition, pcTail)"
	com.nxp.freertos.gdb.tad.controller.TadFactory.readLongAtAddress(TadFactory.java:160)
	com.nxp.freertos.gdb.tad.controller.queuelist.QueueFactory.getQueue(QueueFactory.java:167)
	com.nxp.freertos.gdb.tad.controller.queuelist.QueueFactory.getData(QueueFactory.java:109)
	com.nxp.freertos.gdb.tad.model.TadModel$2.execute(TadModel.java:223)
	com.nxp.freertos.gdb.tad.model.TadModel$3.run(TadModel.java:352)
18:35:40.976 ERROR: [TadFactoryData] Could not load data for "Queue List" view! For more information check TAD log
18:35:42.454 INFO: [Benchmark] Loading data for "Task List" took 2561 ms.
18:37:21.265 INFO: [TadState] TAD state changed:  READY -> DEBUG_RESUMED (RESUMED, STEP)
18:37:21.375 INFO: [TadState] TAD state changed:  DEBUG_RESUMED -> READY (SUSPENDED, STEP)
18:37:21.375 INFO: [Benchmark] Loading data for "Task List" has started.
18:37:22.509 EXCEPTION: [QueueFactory] ReadingException in class "com.nxp.freertos.gdb.tad.controller.queuelist.QueueFactory" at 167. line when calling method "readLongAtAddress(0x20002578, QueueDefinition, pcTail)"
	com.nxp.freertos.gdb.tad.controller.TadFactory.readLongAtAddress(TadFactory.java:160)
	com.nxp.freertos.gdb.tad.controller.queuelist.QueueFactory.getQueue(QueueFactory.java:167)
	com.nxp.freertos.gdb.tad.controller.queuelist.QueueFactory.getData(QueueFactory.java:109)
	com.nxp.freertos.gdb.tad.model.TadModel$2.execute(TadModel.java:223)
	com.nxp.freertos.gdb.tad.model.TadModel$3.run(TadModel.java:352)
18:37:22.509 ERROR: [TadFactoryData] Could not load data for "Queue List" view! For more information check TAD log
18:37:23.959 INFO: [Benchmark] Loading data for "Task List" took 2584 ms.
18:38:06.741 INFO: [TadState] TAD state changed:  READY -> DEBUG_RESUMED (RESUMED, USER_REQUEST)
18:38:06.789 INFO: [TadState] TAD state changed:  DEBUG_RESUMED -> READY (SUSPENDED, BREAKPOINT)
18:38:06.790 INFO: [Benchmark] Loading data for "Task List" has started.
18:38:07.825 EXCEPTION: [QueueFactory] ReadingException in class "com.nxp.freertos.gdb.tad.controller.queuelist.QueueFactory" at 167. line when calling method "readLongAtAddress(0x20002578, QueueDefinition, pcTail)"
	com.nxp.freertos.gdb.tad.controller.TadFactory.readLongAtAddress(TadFactory.java:160)
	com.nxp.freertos.gdb.tad.controller.queuelist.QueueFactory.getQueue(QueueFactory.java:167)
	com.nxp.freertos.gdb.tad.controller.queuelist.QueueFactory.getData(QueueFactory.java:109)
	com.nxp.freertos.gdb.tad.model.TadModel$2.execute(TadModel.java:223)
	com.nxp.freertos.gdb.tad.model.TadModel$3.run(TadModel.java:352)
18:38:07.825 ERROR: [TadFactoryData] Could not load data for "Queue List" view! For more information check TAD log
18:38:08.651 INFO: [TadState] TAD state changed:  READY -> DEBUG_RESUMED (RESUMED, STEP)
18:38:09.949 ERROR: [TaskFactory] Cannot read information from "xSuspendedTaskList".
18:38:10.951 ERROR: [TaskFactory] Cannot read information from "xPendingReadyList".
18:38:10.951 INFO: [Benchmark] Loading data for "Task List" took 4161 ms.
18:38:10.951 INFO: [TadState] TAD state changed:  DEBUG_RESUMED -> READY (SUSPENDED, STEP)
18:38:10.951 INFO: [Benchmark] Loading data for "Task List" has started.
18:38:11.95 INFO: [TadState] TAD state changed:  READY -> DEBUG_RESUMED (RESUMED, STEP)
18:38:12.02 EXCEPTION: [QueueFactory] ReadingException in class "com.nxp.freertos.gdb.tad.controller.queuelist.QueueFactory" at 167. line when calling method "readLongAtAddress(0x20002578, QueueDefinition, pcTail)"
	com.nxp.freertos.gdb.tad.controller.TadFactory.readLongAtAddress(TadFactory.java:160)
	com.nxp.freertos.gdb.tad.controller.queuelist.QueueFactory.getQueue(QueueFactory.java:167)
	com.nxp.freertos.gdb.tad.controller.queuelist.QueueFactory.getData(QueueFactory.java:109)
	com.nxp.freertos.gdb.tad.model.TadModel$2.execute(TadModel.java:223)
	com.nxp.freertos.gdb.tad.model.TadModel$3.run(TadModel.java:352)
18:38:12.02 ERROR: [TadFactoryData] Could not load data for "Queue List" view! For more information check TAD log
18:38:12.02 INFO: [TadState] TAD state changed:  DEBUG_RESUMED -> READY (SUSPENDED, STEP)
18:38:13.708 INFO: [Benchmark] Loading data for "Task List" took 2757 ms.
18:38:14.448 INFO: [TadState] TAD state changed:  READY -> DEBUG_RESUMED (RESUMED, STEP)
18:38:14.822 INFO: [TadState] TAD state changed:  DEBUG_RESUMED -> READY (SUSPENDED, STEP)
18:38:15.707 INFO: [TadState] TAD state changed:  READY -> DEBUG_RESUMED (RESUMED, STEP)
18:38:15.970 INFO: [TadState] TAD state changed:  DEBUG_RESUMED -> READY (SUSPENDED, STEP)
18:38:17.188 INFO: [TadState] TAD state changed:  READY -> DEBUG_RESUMED (RESUMED, STEP)
18:38:17.559 INFO: [TadState] TAD state changed:  DEBUG_RESUMED -> READY (SUSPENDED, STEP)
18:38:18.161 INFO: [TadState] TAD state changed:  READY -> DEBUG_RESUMED (RESUMED, STEP)
18:38:18.330 INFO: [TadState] TAD state changed:  DEBUG_RESUMED -> READY (SUSPENDED, STEP)
18:38:19.134 INFO: [TadState] TAD state changed:  READY -> DEBUG_RESUMED (RESUMED, STEP)
18:38:19.550 INFO: [TadState] TAD state changed:  DEBUG_RESUMED -> READY (SUSPENDED, STEP)
18:38:20.236 INFO: [TadState] TAD state changed:  READY -> DEBUG_RESUMED (RESUMED, STEP)
18:38:20.937 INFO: [TadState] TAD state changed:  DEBUG_RESUMED -> READY (SUSPENDED, STEP)
18:38:27.195 INFO: [TadState] TAD state changed:  READY -> DEBUG_RESUMED (RESUMED, STEP)
18:38:27.351 INFO: [TadState] TAD state changed:  DEBUG_RESUMED -> READY (SUSPENDED, STEP)
18:38:29.152 INFO: [TadState] TAD state changed:  READY -> DEBUG_RESUMED (RESUMED, STEP)
18:38:29.683 INFO: [TadState] TAD state changed:  DEBUG_RESUMED -> READY (SUSPENDED, STEP)
18:38:47.957 INFO: [TadState] TAD state changed:  READY -> DEBUG_RESUMED (RESUMED, USER_REQUEST)
18:38:48.52 INFO: [TadState] TAD state changed:  DEBUG_RESUMED -> READY (SUSPENDED, BREAKPOINT)
18:39:14.895 INFO: [TadState] TAD state changed:  READY -> DEBUG_RESUMED (RESUMED, USER_REQUEST)
18:39:14.956 INFO: [TadState] TAD state changed:  DEBUG_RESUMED -> READY (SUSPENDED, BREAKPOINT)
18:39:16.521 INFO: [TadState] TAD state changed:  READY -> DEBUG_RESUMED (RESUMED, USER_REQUEST)
18:39:16.728 INFO: [TadState] TAD state changed:  DEBUG_RESUMED -> READY (SUSPENDED, BREAKPOINT)
18:39:17.804 INFO: [TadState] TAD state changed:  READY -> DEBUG_RESUMED (RESUMED, USER_REQUEST)
18:39:18.107 INFO: [TadState] TAD state changed:  DEBUG_RESUMED -> READY (SUSPENDED, BREAKPOINT)
18:39:18.838 INFO: [TadState] TAD state changed:  READY -> DEBUG_RESUMED (RESUMED, USER_REQUEST)
18:39:19.72 INFO: [TadState] TAD state changed:  DEBUG_RESUMED -> READY (SUSPENDED, BREAKPOINT)
18:39:34.480 INFO: [TadState] TAD state changed:  READY -> DEBUG_RESUMED (RESUMED, USER_REQUEST)
18:39:34.715 INFO: [TadState] TAD state changed:  DEBUG_RESUMED -> READY (SUSPENDED, BREAKPOINT)
18:39:35.719 INFO: [TadState] TAD state changed:  READY -> DEBUG_RESUMED (RESUMED, USER_REQUEST)
18:39:35.924 INFO: [TadState] TAD state changed:  DEBUG_RESUMED -> READY (SUSPENDED, BREAKPOINT)
18:39:37.69 INFO: [TadState] TAD state changed:  READY -> DEBUG_RESUMED (RESUMED, USER_REQUEST)
18:39:37.289 INFO: [TadState] TAD state changed:  DEBUG_RESUMED -> READY (SUSPENDED, BREAKPOINT)
18:39:41.154 INFO: [TadState] TAD state changed:  READY -> DEBUG_RESUMED (RESUMED, USER_REQUEST)
18:39:41.265 INFO: [TadState] TAD state changed:  DEBUG_RESUMED -> READY (SUSPENDED, BREAKPOINT)
18:39:42.872 INFO: [TadState] TAD state changed:  READY -> DEBUG_RESUMED (RESUMED, USER_REQUEST)
18:39:49.689 INFO: [TadState] TAD state changed:  DEBUG_RESUMED -> READY (SUSPENDED, SIGNAL)
18:39:52.441 INFO: [TadState] TAD state changed:  READY -> DEBUG_RESUMED (RESUMED, USER_REQUEST)
18:39:52.550 INFO: [TadState] TAD state changed:  DEBUG_RESUMED -> READY (SUSPENDED, BREAKPOINT)
18:39:59.251 INFO: [TadState] TAD state changed:  READY -> DEBUG_RESUMED (RESUMED, USER_REQUEST)
18:40:11.191 INFO: [TadState] TAD state changed:  DEBUG_RESUMED -> READY (SUSPENDED, SIGNAL)
18:40:12.210 INFO: [TadState] TAD state changed:  READY -> DEBUG_RESUMED (RESUMED, USER_REQUEST)
18:40:12.319 INFO: [TadState] TAD state changed:  DEBUG_RESUMED -> READY (SUSPENDED, BREAKPOINT)
18:40:40.661 INFO: [TadState] TAD state changed:  READY -> DEBUG_RESUMED (RESUMED, USER_REQUEST)
18:40:58.905 INFO: [TadModel] DSF session ID 10 has ended.
