"FreeRTOS Task Aware Debugger for GDB" version 1.0.2 (201704260904)
(c) 2016 NXP Semiconductors, Inc.
==================================
19:03:00.992 INFO: [TadState] TAD state changed:  NONE -> DEBUG_INIT_0 (RESUMED, USER_REQUEST)
19:03:01.11 INFO: [TadState] TAD state changed:  DEBUG_INIT_0 -> DEBUG_INIT_1 (SUSPENDED, SIGNAL)
19:03:04.950 INFO: [TadState] TAD state changed:  DEBUG_INIT_1 -> DEBUG_SUSPENDED (RESUMED, USER_REQUEST)
19:03:05.46 INFO: [TadState] TAD state changed:  DEBUG_SUSPENDED -> DEBUG_SUSPENDED (SUSPENDED, BREAKPOINT)
19:03:09.575 INFO: [TadState] TAD state changed:  DEBUG_SUSPENDED -> DEBUG_RESUMED (RESUMED, USER_REQUEST)
19:03:09.652 INFO: [TadState] TAD state changed:  DEBUG_RESUMED -> READY (SUSPENDED, BREAKPOINT)
19:03:11.228 INFO: [TadState] TAD state changed:  READY -> DEBUG_RESUMED (RESUMED, USER_REQUEST)
19:03:32.919 INFO: [TadState] TAD state changed:  DEBUG_RESUMED -> READY (SUSPENDED, SIGNAL)
19:03:35.895 INFO: [Benchmark] Loading data for "Task List" has started.
19:03:37.565 INFO: [Benchmark] Loading data for "Task List" took 1671 ms.
19:03:59.881 INFO: [TadState] TAD state changed:  READY -> DEBUG_RESUMED (RESUMED, USER_REQUEST)
19:04:07.807 INFO: [TadState] TAD state changed:  DEBUG_RESUMED -> READY (SUSPENDED, SIGNAL)
19:04:07.807 INFO: [Benchmark] Loading data for "Task List" has started.
19:04:08.804 INFO: [TadState] TAD state changed:  READY -> DEBUG_RESUMED (RESUMED, USER_REQUEST)
19:04:09.876 ERROR: [TaskFactory] Cannot read information from "pxReadyTasksLists[37]".
19:04:10.877 ERROR: [TaskFactory] Cannot read information from "pxReadyTasksLists[38]".
19:04:11.878 ERROR: [TaskFactory] Cannot read information from "pxReadyTasksLists[39]".
19:04:12.878 ERROR: [TaskFactory] Cannot read information from "pxReadyTasksLists[40]".
19:04:13.879 ERROR: [TaskFactory] Cannot read information from "pxReadyTasksLists[41]".
19:04:14.881 ERROR: [TaskFactory] Cannot read information from "pxReadyTasksLists[42]".
19:04:15.882 ERROR: [TaskFactory] Cannot read information from "pxReadyTasksLists[43]".
19:04:16.882 ERROR: [TaskFactory] Cannot read information from "pxReadyTasksLists[44]".
19:04:17.883 ERROR: [TaskFactory] Cannot read information from "pxReadyTasksLists[45]".
19:04:18.885 ERROR: [TaskFactory] Cannot read information from "pxReadyTasksLists[46]".
19:04:19.887 ERROR: [TaskFactory] Cannot read information from "pxReadyTasksLists[47]".
19:04:20.888 ERROR: [TaskFactory] Cannot read information from "pxReadyTasksLists[48]".
19:04:21.889 ERROR: [TaskFactory] Cannot read information from "pxReadyTasksLists[49]".
19:04:22.891 ERROR: [TaskFactory] Cannot read information from "pxReadyTasksLists[50]".
19:04:23.892 ERROR: [TaskFactory] Cannot read information from "pxReadyTasksLists[51]".
19:04:24.894 ERROR: [TaskFactory] Cannot read information from "pxReadyTasksLists[52]".
19:04:25.894 ERROR: [TaskFactory] Cannot read information from "pxReadyTasksLists[53]".
19:04:26.896 ERROR: [TaskFactory] Cannot read information from "pxReadyTasksLists[54]".
19:04:27.898 ERROR: [TaskFactory] Cannot read information from "pxReadyTasksLists[55]".
19:04:28.898 ERROR: [TaskFactory] Cannot read information from "xSuspendedTaskList".
19:04:29.900 ERROR: [TaskFactory] Cannot read information from "xDelayedTaskList1".
19:04:30.901 ERROR: [TaskFactory] Cannot read information from "xDelayedTaskList2".
19:04:31.903 ERROR: [TaskFactory] Cannot read information from "xPendingReadyList".
19:04:31.903 INFO: [Benchmark] Loading data for "Task List" took 24096 ms.
19:04:31.903 INFO: [TadState] TAD state changed:  DEBUG_RESUMED -> READY (SUSPENDED, BREAKPOINT)
19:04:31.903 INFO: [Benchmark] Loading data for "Task List" has started.
19:04:32.495 INFO: [TadModel] DSF session ID 138 has ended.
